[0.020s] Invoking command in '/home/user/ros2_ws/src/armando_gazebo/build/armando_gazebo': CMAKE_PREFIX_PATH=${CMAKE_PREFIX_PATH}:/opt/ros/humble /usr/bin/cmake /home/user/ros2_ws/src/armando_gazebo -DCMAKE_INSTALL_PREFIX=/home/user/ros2_ws/src/armando_gazebo/install/armando_gazebo
[0.118s] -- The C compiler identification is GNU 11.4.0
[0.210s] -- The CXX compiler identification is GNU 11.4.0
[0.221s] -- Detecting C compiler ABI info
[0.345s] -- Detecting C compiler ABI info - done
[0.355s] -- Check for working C compiler: /usr/bin/cc - skipped
[0.356s] -- Detecting C compile features
[0.356s] -- Detecting C compile features - done
[0.362s] -- Detecting CXX compiler ABI info
[0.511s] -- Detecting CXX compiler ABI info - done
[0.521s] -- Check for working CXX compiler: /usr/bin/c++ - skipped
[0.522s] -- Detecting CXX compile features
[0.522s] -- Detecting CXX compile features - done
[0.531s] -- Found ament_cmake: 1.3.12 (/opt/ros/humble/share/ament_cmake/cmake)
[0.755s] -- Found Python3: /usr/bin/python3 (found version "3.10.12") found components: Interpreter 
[0.938s] -- Found rclcpp: 16.0.15 (/opt/ros/humble/share/rclcpp/cmake)
[1.047s] -- Found rosidl_generator_c: 3.1.7 (/opt/ros/humble/share/rosidl_generator_c/cmake)
[1.064s] -- Found rosidl_adapter: 3.1.7 (/opt/ros/humble/share/rosidl_adapter/cmake)
[1.085s] -- Found rosidl_generator_cpp: 3.1.7 (/opt/ros/humble/share/rosidl_generator_cpp/cmake)
[1.113s] -- Using all available rosidl_typesupport_c: rosidl_typesupport_fastrtps_c;rosidl_typesupport_introspection_c
[1.151s] -- Using all available rosidl_typesupport_cpp: rosidl_typesupport_fastrtps_cpp;rosidl_typesupport_introspection_cpp
[1.260s] -- Found rmw_implementation_cmake: 6.1.2 (/opt/ros/humble/share/rmw_implementation_cmake/cmake)
[1.268s] -- Found rmw_fastrtps_cpp: 6.2.9 (/opt/ros/humble/share/rmw_fastrtps_cpp/cmake)
[1.473s] -- Found OpenSSL: /usr/lib/x86_64-linux-gnu/libcrypto.so (found version "3.0.2")  
[1.533s] -- Found FastRTPS: /opt/ros/humble/include  
[1.625s] -- Using RMW implementation 'rmw_fastrtps_cpp' as default
[1.651s] -- Looking for pthread.h
[1.771s] -- Looking for pthread.h - found
[1.772s] -- Performing Test CMAKE_HAVE_LIBC_PTHREAD
[1.892s] -- Performing Test CMAKE_HAVE_LIBC_PTHREAD - Success
[1.893s] -- Found Threads: TRUE  
[1.987s] -- Found ros_gz_sim: 0.244.20 (/opt/ros/humble/share/ros_gz_sim/cmake)
[1.995s] -- Found robot_state_publisher: 3.0.3 (/opt/ros/humble/share/robot_state_publisher/cmake)
[2.066s] -- Found eigen3_cmake_module: 0.1.1 (/opt/ros/humble/share/eigen3_cmake_module/cmake)
[2.068s] -- Found Eigen3: TRUE (found version "3.4.0") 
[2.068s] -- Ensuring Eigen3 include directory is part of orocos-kdl CMake target
[2.382s] -- Found ament_lint_auto: 0.12.14 (/opt/ros/humble/share/ament_lint_auto/cmake)
[2.469s] -- Configuring done
[2.480s] -- Generating done
[2.484s] -- Build files have been written to: /home/user/ros2_ws/src/armando_gazebo/build/armando_gazebo
[2.499s] Invoked command in '/home/user/ros2_ws/src/armando_gazebo/build/armando_gazebo' returned '0': CMAKE_PREFIX_PATH=${CMAKE_PREFIX_PATH}:/opt/ros/humble /usr/bin/cmake /home/user/ros2_ws/src/armando_gazebo -DCMAKE_INSTALL_PREFIX=/home/user/ros2_ws/src/armando_gazebo/install/armando_gazebo
[2.500s] Invoking command in '/home/user/ros2_ws/src/armando_gazebo/build/armando_gazebo': CMAKE_PREFIX_PATH=${CMAKE_PREFIX_PATH}:/opt/ros/humble /usr/bin/cmake --build /home/user/ros2_ws/src/armando_gazebo/build/armando_gazebo -- -j12 -l12
[2.567s] Invoked command in '/home/user/ros2_ws/src/armando_gazebo/build/armando_gazebo' returned '0': CMAKE_PREFIX_PATH=${CMAKE_PREFIX_PATH}:/opt/ros/humble /usr/bin/cmake --build /home/user/ros2_ws/src/armando_gazebo/build/armando_gazebo -- -j12 -l12
[2.584s] Invoking command in '/home/user/ros2_ws/src/armando_gazebo/build/armando_gazebo': CMAKE_PREFIX_PATH=${CMAKE_PREFIX_PATH}:/opt/ros/humble /usr/bin/cmake --install /home/user/ros2_ws/src/armando_gazebo/build/armando_gazebo
[2.595s] -- Install configuration: ""
[2.595s] -- Installing: /home/user/ros2_ws/src/armando_gazebo/install/armando_gazebo/share/armando_gazebo/launch/launch
[2.595s] -- Installing: /home/user/ros2_ws/src/armando_gazebo/install/armando_gazebo/share/armando_gazebo/launch/launch/armando_world.launch.py
[2.596s] -- Installing: /home/user/ros2_ws/src/armando_gazebo/install/armando_gazebo/share/ament_index/resource_index/package_run_dependencies/armando_gazebo
[2.596s] -- Installing: /home/user/ros2_ws/src/armando_gazebo/install/armando_gazebo/share/ament_index/resource_index/parent_prefix_path/armando_gazebo
[2.596s] -- Installing: /home/user/ros2_ws/src/armando_gazebo/install/armando_gazebo/share/armando_gazebo/environment/ament_prefix_path.sh
[2.597s] -- Installing: /home/user/ros2_ws/src/armando_gazebo/install/armando_gazebo/share/armando_gazebo/environment/ament_prefix_path.dsv
[2.597s] -- Installing: /home/user/ros2_ws/src/armando_gazebo/install/armando_gazebo/share/armando_gazebo/environment/path.sh
[2.597s] -- Installing: /home/user/ros2_ws/src/armando_gazebo/install/armando_gazebo/share/armando_gazebo/environment/path.dsv
[2.597s] -- Installing: /home/user/ros2_ws/src/armando_gazebo/install/armando_gazebo/share/armando_gazebo/local_setup.bash
[2.598s] -- Installing: /home/user/ros2_ws/src/armando_gazebo/install/armando_gazebo/share/armando_gazebo/local_setup.sh
[2.598s] -- Installing: /home/user/ros2_ws/src/armando_gazebo/install/armando_gazebo/share/armando_gazebo/local_setup.zsh
[2.598s] -- Installing: /home/user/ros2_ws/src/armando_gazebo/install/armando_gazebo/share/armando_gazebo/local_setup.dsv
[2.598s] -- Installing: /home/user/ros2_ws/src/armando_gazebo/install/armando_gazebo/share/armando_gazebo/package.dsv
[2.599s] -- Installing: /home/user/ros2_ws/src/armando_gazebo/install/armando_gazebo/share/ament_index/resource_index/packages/armando_gazebo
[2.599s] -- Installing: /home/user/ros2_ws/src/armando_gazebo/install/armando_gazebo/share/armando_gazebo/cmake/armando_gazeboConfig.cmake
[2.599s] -- Installing: /home/user/ros2_ws/src/armando_gazebo/install/armando_gazebo/share/armando_gazebo/cmake/armando_gazeboConfig-version.cmake
[2.600s] -- Installing: /home/user/ros2_ws/src/armando_gazebo/install/armando_gazebo/share/armando_gazebo/package.xml
[2.604s] Invoked command in '/home/user/ros2_ws/src/armando_gazebo/build/armando_gazebo' returned '0': CMAKE_PREFIX_PATH=${CMAKE_PREFIX_PATH}:/opt/ros/humble /usr/bin/cmake --install /home/user/ros2_ws/src/armando_gazebo/build/armando_gazebo
