[0.009s] Invoking command in '/home/user/ros2_ws/src/armando_controller/build/armando_controller': CMAKE_PREFIX_PATH=${CMAKE_PREFIX_PATH}:/opt/ros/humble /usr/bin/cmake /home/user/ros2_ws/src/armando_controller -DCMAKE_INSTALL_PREFIX=/home/user/ros2_ws/src/armando_controller/install/armando_controller
[0.062s] -- The C compiler identification is GNU 11.4.0
[0.115s] -- The CXX compiler identification is GNU 11.4.0
[0.122s] -- Detecting C compiler ABI info
[0.197s] -- Detecting C compiler ABI info - done
[0.203s] -- Check for working C compiler: /usr/bin/cc - skipped
[0.204s] -- Detecting C compile features
[0.204s] -- Detecting C compile features - done
[0.208s] -- Detecting CXX compiler ABI info
[0.280s] -- Detecting CXX compiler ABI info - done
[0.286s] -- Check for working CXX compiler: /usr/bin/c++ - skipped
[0.286s] -- Detecting CXX compile features
[0.287s] -- Detecting CXX compile features - done
[0.291s] -- Found ament_cmake: 1.3.12 (/opt/ros/humble/share/ament_cmake/cmake)
[0.422s] -- Found Python3: /usr/bin/python3 (found version "3.10.12") found components: Interpreter 
[0.518s] -- Found rclcpp: 16.0.15 (/opt/ros/humble/share/rclcpp/cmake)
[0.565s] -- Found rosidl_generator_c: 3.1.7 (/opt/ros/humble/share/rosidl_generator_c/cmake)
[0.572s] -- Found rosidl_adapter: 3.1.7 (/opt/ros/humble/share/rosidl_adapter/cmake)
[0.581s] -- Found rosidl_generator_cpp: 3.1.7 (/opt/ros/humble/share/rosidl_generator_cpp/cmake)
[0.593s] -- Using all available rosidl_typesupport_c: rosidl_typesupport_fastrtps_c;rosidl_typesupport_introspection_c
[0.610s] -- Using all available rosidl_typesupport_cpp: rosidl_typesupport_fastrtps_cpp;rosidl_typesupport_introspection_cpp
[0.659s] -- Found rmw_implementation_cmake: 6.1.2 (/opt/ros/humble/share/rmw_implementation_cmake/cmake)
[0.662s] -- Found rmw_fastrtps_cpp: 6.2.8 (/opt/ros/humble/share/rmw_fastrtps_cpp/cmake)
[0.749s] -- Found OpenSSL: /usr/lib/x86_64-linux-gnu/libcrypto.so (found version "3.0.2")  
[0.776s] -- Found FastRTPS: /opt/ros/humble/include  
[0.817s] -- Using RMW implementation 'rmw_fastrtps_cpp' as default
[0.829s] -- Looking for pthread.h
[0.908s] -- Looking for pthread.h - found
[0.908s] -- Performing Test CMAKE_HAVE_LIBC_PTHREAD
[0.974s] -- Performing Test CMAKE_HAVE_LIBC_PTHREAD - Success
[0.974s] -- Found Threads: TRUE  
[1.026s] -- Found sensor_msgs: 4.9.0 (/opt/ros/humble/share/sensor_msgs/cmake)
[1.103s] -- Configuring done
[1.111s] -- Generating done
[1.114s] -- Build files have been written to: /home/user/ros2_ws/src/armando_controller/build/armando_controller
[1.121s] Invoked command in '/home/user/ros2_ws/src/armando_controller/build/armando_controller' returned '0': CMAKE_PREFIX_PATH=${CMAKE_PREFIX_PATH}:/opt/ros/humble /usr/bin/cmake /home/user/ros2_ws/src/armando_controller -DCMAKE_INSTALL_PREFIX=/home/user/ros2_ws/src/armando_controller/install/armando_controller
[1.122s] Invoking command in '/home/user/ros2_ws/src/armando_controller/build/armando_controller': CMAKE_PREFIX_PATH=${CMAKE_PREFIX_PATH}:/opt/ros/humble /usr/bin/cmake --build /home/user/ros2_ws/src/armando_controller/build/armando_controller -- -j8 -l8
[1.180s] [ 50%] [32mBuilding CXX object CMakeFiles/arm_controller_node.dir/src/arm_controller_node.cpp.o[0m
[7.489s] [100%] [32m[1mLinking CXX executable arm_controller_node[0m
[7.809s] [100%] Built target arm_controller_node
[7.818s] Invoked command in '/home/user/ros2_ws/src/armando_controller/build/armando_controller' returned '0': CMAKE_PREFIX_PATH=${CMAKE_PREFIX_PATH}:/opt/ros/humble /usr/bin/cmake --build /home/user/ros2_ws/src/armando_controller/build/armando_controller -- -j8 -l8
[7.828s] Invoking command in '/home/user/ros2_ws/src/armando_controller/build/armando_controller': CMAKE_PREFIX_PATH=${CMAKE_PREFIX_PATH}:/opt/ros/humble /usr/bin/cmake --install /home/user/ros2_ws/src/armando_controller/build/armando_controller
[7.836s] -- Install configuration: ""
[7.836s] -- Installing: /home/user/ros2_ws/src/armando_controller/install/armando_controller/lib/armando_controller/arm_controller_node
[7.839s] -- Set runtime path of "/home/user/ros2_ws/src/armando_controller/install/armando_controller/lib/armando_controller/arm_controller_node" to ""
[7.839s] -- Installing: /home/user/ros2_ws/src/armando_controller/install/armando_controller/share/ament_index/resource_index/package_run_dependencies/armando_controller
[7.839s] -- Installing: /home/user/ros2_ws/src/armando_controller/install/armando_controller/share/ament_index/resource_index/parent_prefix_path/armando_controller
[7.839s] -- Installing: /home/user/ros2_ws/src/armando_controller/install/armando_controller/share/armando_controller/environment/ament_prefix_path.sh
[7.839s] -- Installing: /home/user/ros2_ws/src/armando_controller/install/armando_controller/share/armando_controller/environment/ament_prefix_path.dsv
[7.839s] -- Installing: /home/user/ros2_ws/src/armando_controller/install/armando_controller/share/armando_controller/environment/path.sh
[7.839s] -- Installing: /home/user/ros2_ws/src/armando_controller/install/armando_controller/share/armando_controller/environment/path.dsv
[7.839s] -- Installing: /home/user/ros2_ws/src/armando_controller/install/armando_controller/share/armando_controller/local_setup.bash
[7.839s] -- Installing: /home/user/ros2_ws/src/armando_controller/install/armando_controller/share/armando_controller/local_setup.sh
[7.840s] -- Installing: /home/user/ros2_ws/src/armando_controller/install/armando_controller/share/armando_controller/local_setup.zsh
[7.840s] -- Installing: /home/user/ros2_ws/src/armando_controller/install/armando_controller/share/armando_controller/local_setup.dsv
[7.840s] -- Installing: /home/user/ros2_ws/src/armando_controller/install/armando_controller/share/armando_controller/package.dsv
[7.840s] -- Installing: /home/user/ros2_ws/src/armando_controller/install/armando_controller/share/ament_index/resource_index/packages/armando_controller
[7.840s] -- Installing: /home/user/ros2_ws/src/armando_controller/install/armando_controller/share/armando_controller/cmake/armando_controllerConfig.cmake
[7.840s] -- Installing: /home/user/ros2_ws/src/armando_controller/install/armando_controller/share/armando_controller/cmake/armando_controllerConfig-version.cmake
[7.840s] -- Installing: /home/user/ros2_ws/src/armando_controller/install/armando_controller/share/armando_controller/package.xml
[7.842s] Invoked command in '/home/user/ros2_ws/src/armando_controller/build/armando_controller' returned '0': CMAKE_PREFIX_PATH=${CMAKE_PREFIX_PATH}:/opt/ros/humble /usr/bin/cmake --install /home/user/ros2_ws/src/armando_controller/build/armando_controller
