[0.140s] DEBUG:colcon:Command line arguments: ['/usr/bin/colcon', 'build']
[0.140s] DEBUG:colcon:Parsed command line arguments: Namespace(log_base=None, log_level=None, verb_name='build', build_base='build', install_base='install', merge_install=False, symlink_install=False, test_result_base=None, continue_on_error=False, executor='parallel', parallel_workers=12, event_handlers=None, ignore_user_meta=False, metas=['./colcon.meta'], base_paths=['.'], packages_ignore=None, packages_ignore_regex=None, paths=None, packages_up_to=None, packages_up_to_regex=None, packages_above=None, packages_above_and_dependencies=None, packages_above_depth=None, packages_select_by_dep=None, packages_skip_by_dep=None, packages_skip_up_to=None, packages_select_build_failed=False, packages_skip_build_finished=False, packages_select_test_failures=False, packages_skip_test_passed=False, packages_select=None, packages_skip=None, packages_select_regex=None, packages_skip_regex=None, packages_start=None, packages_end=None, cmake_args=None, cmake_target=None, cmake_target_skip_unavailable=False, cmake_clean_cache=False, cmake_clean_first=False, cmake_force_configure=False, ament_cmake_args=None, catkin_cmake_args=None, catkin_skip_building_tests=False, mixin_files=None, mixin=None, verb_parser=<colcon_mixin.mixin.mixin_argument.MixinArgumentDecorator object at 0x7da5e199fa00>, verb_extension=<colcon_core.verb.build.BuildVerb object at 0x7da5e1ae8b50>, main=<bound method BuildVerb.main of <colcon_core.verb.build.BuildVerb object at 0x7da5e1ae8b50>>, mixin_verb=('build',))
[0.331s] Level 1:colcon.colcon_core.package_discovery:discover_packages(colcon_meta) check parameters
[0.331s] Level 1:colcon.colcon_core.package_discovery:discover_packages(recursive) check parameters
[0.331s] Level 1:colcon.colcon_core.package_discovery:discover_packages(ignore) check parameters
[0.331s] Level 1:colcon.colcon_core.package_discovery:discover_packages(path) check parameters
[0.331s] Level 1:colcon.colcon_core.package_discovery:discover_packages(colcon_meta) discover
[0.331s] Level 1:colcon.colcon_core.package_discovery:discover_packages(recursive) discover
[0.331s] INFO:colcon.colcon_core.package_discovery:Crawling recursively for packages in '/home/user/ros2_ws/src/armando_gazebo'
[0.331s] Level 1:colcon.colcon_core.package_identification:_identify(.) by extensions ['ignore', 'ignore_ament_install']
[0.332s] Level 1:colcon.colcon_core.package_identification:_identify(.) by extension 'ignore'
[0.332s] Level 1:colcon.colcon_core.package_identification:_identify(.) by extension 'ignore_ament_install'
[0.332s] Level 1:colcon.colcon_core.package_identification:_identify(.) by extensions ['colcon_pkg']
[0.332s] Level 1:colcon.colcon_core.package_identification:_identify(.) by extension 'colcon_pkg'
[0.332s] Level 1:colcon.colcon_core.package_identification:_identify(.) by extensions ['colcon_meta']
[0.332s] Level 1:colcon.colcon_core.package_identification:_identify(.) by extension 'colcon_meta'
[0.332s] Level 1:colcon.colcon_core.package_identification:_identify(.) by extensions ['ros']
[0.332s] Level 1:colcon.colcon_core.package_identification:_identify(.) by extension 'ros'
[0.351s] DEBUG:colcon.colcon_core.package_identification:Package '.' with type 'ros.ament_cmake' and name 'armando_gazebo'
[0.351s] Level 1:colcon.colcon_core.package_discovery:discover_packages(recursive) using defaults
[0.351s] Level 1:colcon.colcon_core.package_discovery:discover_packages(ignore) discover
[0.351s] Level 1:colcon.colcon_core.package_discovery:discover_packages(ignore) using defaults
[0.351s] Level 1:colcon.colcon_core.package_discovery:discover_packages(path) discover
[0.352s] Level 1:colcon.colcon_core.package_discovery:discover_packages(path) using defaults
[0.377s] Level 5:colcon.colcon_core.verb:set package 'armando_gazebo' build argument 'cmake_args' from command line to 'None'
[0.377s] Level 5:colcon.colcon_core.verb:set package 'armando_gazebo' build argument 'cmake_target' from command line to 'None'
[0.377s] Level 5:colcon.colcon_core.verb:set package 'armando_gazebo' build argument 'cmake_target_skip_unavailable' from command line to 'False'
[0.377s] Level 5:colcon.colcon_core.verb:set package 'armando_gazebo' build argument 'cmake_clean_cache' from command line to 'False'
[0.377s] Level 5:colcon.colcon_core.verb:set package 'armando_gazebo' build argument 'cmake_clean_first' from command line to 'False'
[0.377s] Level 5:colcon.colcon_core.verb:set package 'armando_gazebo' build argument 'cmake_force_configure' from command line to 'False'
[0.377s] Level 5:colcon.colcon_core.verb:set package 'armando_gazebo' build argument 'ament_cmake_args' from command line to 'None'
[0.377s] Level 5:colcon.colcon_core.verb:set package 'armando_gazebo' build argument 'catkin_cmake_args' from command line to 'None'
[0.377s] Level 5:colcon.colcon_core.verb:set package 'armando_gazebo' build argument 'catkin_skip_building_tests' from command line to 'False'
[0.377s] DEBUG:colcon.colcon_core.verb:Building package 'armando_gazebo' with the following arguments: {'ament_cmake_args': None, 'build_base': '/home/user/ros2_ws/src/armando_gazebo/build/armando_gazebo', 'catkin_cmake_args': None, 'catkin_skip_building_tests': False, 'cmake_args': None, 'cmake_clean_cache': False, 'cmake_clean_first': False, 'cmake_force_configure': False, 'cmake_target': None, 'cmake_target_skip_unavailable': False, 'install_base': '/home/user/ros2_ws/src/armando_gazebo/install/armando_gazebo', 'merge_install': False, 'path': '/home/user/ros2_ws/src/armando_gazebo', 'symlink_install': False, 'test_result_base': None}
[0.377s] INFO:colcon.colcon_core.executor:Executing jobs using 'parallel' executor
[0.380s] DEBUG:colcon.colcon_parallel_executor.executor.parallel:run_until_complete
[0.380s] INFO:colcon.colcon_ros.task.ament_cmake.build:Building ROS package in '/home/user/ros2_ws/src/armando_gazebo' with build type 'ament_cmake'
[0.380s] INFO:colcon.colcon_cmake.task.cmake.build:Building CMake package in '/home/user/ros2_ws/src/armando_gazebo'
[0.383s] INFO:colcon.colcon_core.plugin_system:Skipping extension 'colcon_core.shell.bat': Not used on non-Windows systems
[0.383s] INFO:colcon.colcon_core.shell:Skip shell extension 'powershell' for command environment: Not usable outside of PowerShell
[0.383s] DEBUG:colcon.colcon_core.shell:Skip shell extension 'dsv' for command environment
[0.401s] DEBUG:colcon.colcon_core.event_handler.log_command:Invoking command in '/home/user/ros2_ws/src/armando_gazebo/build/armando_gazebo': CMAKE_PREFIX_PATH=${CMAKE_PREFIX_PATH}:/opt/ros/humble /usr/bin/cmake /home/user/ros2_ws/src/armando_gazebo -DCMAKE_INSTALL_PREFIX=/home/user/ros2_ws/src/armando_gazebo/install/armando_gazebo
[2.880s] DEBUG:colcon.colcon_core.event_handler.log_command:Invoked command in '/home/user/ros2_ws/src/armando_gazebo/build/armando_gazebo' returned '0': CMAKE_PREFIX_PATH=${CMAKE_PREFIX_PATH}:/opt/ros/humble /usr/bin/cmake /home/user/ros2_ws/src/armando_gazebo -DCMAKE_INSTALL_PREFIX=/home/user/ros2_ws/src/armando_gazebo/install/armando_gazebo
[2.880s] DEBUG:colcon.colcon_core.event_handler.log_command:Invoking command in '/home/user/ros2_ws/src/armando_gazebo/build/armando_gazebo': CMAKE_PREFIX_PATH=${CMAKE_PREFIX_PATH}:/opt/ros/humble /usr/bin/cmake --build /home/user/ros2_ws/src/armando_gazebo/build/armando_gazebo -- -j12 -l12
[2.948s] DEBUG:colcon.colcon_core.event_handler.log_command:Invoked command in '/home/user/ros2_ws/src/armando_gazebo/build/armando_gazebo' returned '0': CMAKE_PREFIX_PATH=${CMAKE_PREFIX_PATH}:/opt/ros/humble /usr/bin/cmake --build /home/user/ros2_ws/src/armando_gazebo/build/armando_gazebo -- -j12 -l12
[2.965s] DEBUG:colcon.colcon_core.event_handler.log_command:Invoking command in '/home/user/ros2_ws/src/armando_gazebo/build/armando_gazebo': CMAKE_PREFIX_PATH=${CMAKE_PREFIX_PATH}:/opt/ros/humble /usr/bin/cmake --install /home/user/ros2_ws/src/armando_gazebo/build/armando_gazebo
[2.983s] Level 1:colcon.colcon_core.environment:create_environment_scripts_only(armando_gazebo)
[2.984s] DEBUG:colcon.colcon_core.event_handler.log_command:Invoked command in '/home/user/ros2_ws/src/armando_gazebo/build/armando_gazebo' returned '0': CMAKE_PREFIX_PATH=${CMAKE_PREFIX_PATH}:/opt/ros/humble /usr/bin/cmake --install /home/user/ros2_ws/src/armando_gazebo/build/armando_gazebo
[2.988s] Level 1:colcon.colcon_core.environment:checking '/home/user/ros2_ws/src/armando_gazebo/install/armando_gazebo' for CMake module files
[2.988s] Level 1:colcon.colcon_core.environment:checking '/home/user/ros2_ws/src/armando_gazebo/install/armando_gazebo' for CMake config files
[2.989s] Level 1:colcon.colcon_core.shell:create_environment_hook('armando_gazebo', 'cmake_prefix_path')
[2.989s] INFO:colcon.colcon_core.shell:Creating environment hook '/home/user/ros2_ws/src/armando_gazebo/install/armando_gazebo/share/armando_gazebo/hook/cmake_prefix_path.ps1'
[2.990s] INFO:colcon.colcon_core.shell:Creating environment descriptor '/home/user/ros2_ws/src/armando_gazebo/install/armando_gazebo/share/armando_gazebo/hook/cmake_prefix_path.dsv'
[2.990s] INFO:colcon.colcon_core.shell:Creating environment hook '/home/user/ros2_ws/src/armando_gazebo/install/armando_gazebo/share/armando_gazebo/hook/cmake_prefix_path.sh'
[2.991s] Level 1:colcon.colcon_core.environment:checking '/home/user/ros2_ws/src/armando_gazebo/install/armando_gazebo/bin'
[2.991s] Level 1:colcon.colcon_core.environment:checking '/home/user/ros2_ws/src/armando_gazebo/install/armando_gazebo/lib/pkgconfig/armando_gazebo.pc'
[2.994s] Level 1:colcon.colcon_core.environment:checking '/home/user/ros2_ws/src/armando_gazebo/install/armando_gazebo/lib/python3.10/site-packages'
[2.994s] Level 1:colcon.colcon_core.environment:checking '/home/user/ros2_ws/src/armando_gazebo/install/armando_gazebo/bin'
[2.995s] INFO:colcon.colcon_core.shell:Creating package script '/home/user/ros2_ws/src/armando_gazebo/install/armando_gazebo/share/armando_gazebo/package.ps1'
[2.996s] INFO:colcon.colcon_core.shell:Creating package descriptor '/home/user/ros2_ws/src/armando_gazebo/install/armando_gazebo/share/armando_gazebo/package.dsv'
[2.997s] INFO:colcon.colcon_core.shell:Creating package script '/home/user/ros2_ws/src/armando_gazebo/install/armando_gazebo/share/armando_gazebo/package.sh'
[2.998s] INFO:colcon.colcon_core.shell:Creating package script '/home/user/ros2_ws/src/armando_gazebo/install/armando_gazebo/share/armando_gazebo/package.bash'
[2.999s] INFO:colcon.colcon_core.shell:Creating package script '/home/user/ros2_ws/src/armando_gazebo/install/armando_gazebo/share/armando_gazebo/package.zsh'
[3.000s] Level 1:colcon.colcon_core.environment:create_file_with_runtime_dependencies(/home/user/ros2_ws/src/armando_gazebo/install/armando_gazebo/share/colcon-core/packages/armando_gazebo)
[3.000s] Level 1:colcon.colcon_core.environment:create_environment_scripts_only(armando_gazebo)
[3.001s] Level 1:colcon.colcon_core.environment:checking '/home/user/ros2_ws/src/armando_gazebo/install/armando_gazebo' for CMake module files
[3.001s] Level 1:colcon.colcon_core.environment:checking '/home/user/ros2_ws/src/armando_gazebo/install/armando_gazebo' for CMake config files
[3.002s] Level 1:colcon.colcon_core.shell:create_environment_hook('armando_gazebo', 'cmake_prefix_path')
[3.002s] INFO:colcon.colcon_core.shell:Creating environment hook '/home/user/ros2_ws/src/armando_gazebo/install/armando_gazebo/share/armando_gazebo/hook/cmake_prefix_path.ps1'
[3.003s] INFO:colcon.colcon_core.shell:Creating environment descriptor '/home/user/ros2_ws/src/armando_gazebo/install/armando_gazebo/share/armando_gazebo/hook/cmake_prefix_path.dsv'
[3.003s] INFO:colcon.colcon_core.shell:Creating environment hook '/home/user/ros2_ws/src/armando_gazebo/install/armando_gazebo/share/armando_gazebo/hook/cmake_prefix_path.sh'
[3.004s] Level 1:colcon.colcon_core.environment:checking '/home/user/ros2_ws/src/armando_gazebo/install/armando_gazebo/bin'
[3.005s] Level 1:colcon.colcon_core.environment:checking '/home/user/ros2_ws/src/armando_gazebo/install/armando_gazebo/lib/pkgconfig/armando_gazebo.pc'
[3.005s] Level 1:colcon.colcon_core.environment:checking '/home/user/ros2_ws/src/armando_gazebo/install/armando_gazebo/lib/python3.10/site-packages'
[3.005s] Level 1:colcon.colcon_core.environment:checking '/home/user/ros2_ws/src/armando_gazebo/install/armando_gazebo/bin'
[3.006s] INFO:colcon.colcon_core.shell:Creating package script '/home/user/ros2_ws/src/armando_gazebo/install/armando_gazebo/share/armando_gazebo/package.ps1'
[3.007s] INFO:colcon.colcon_core.shell:Creating package descriptor '/home/user/ros2_ws/src/armando_gazebo/install/armando_gazebo/share/armando_gazebo/package.dsv'
[3.008s] INFO:colcon.colcon_core.shell:Creating package script '/home/user/ros2_ws/src/armando_gazebo/install/armando_gazebo/share/armando_gazebo/package.sh'
[3.009s] INFO:colcon.colcon_core.shell:Creating package script '/home/user/ros2_ws/src/armando_gazebo/install/armando_gazebo/share/armando_gazebo/package.bash'
[3.009s] INFO:colcon.colcon_core.shell:Creating package script '/home/user/ros2_ws/src/armando_gazebo/install/armando_gazebo/share/armando_gazebo/package.zsh'
[3.010s] Level 1:colcon.colcon_core.environment:create_file_with_runtime_dependencies(/home/user/ros2_ws/src/armando_gazebo/install/armando_gazebo/share/colcon-core/packages/armando_gazebo)
[3.011s] DEBUG:colcon.colcon_parallel_executor.executor.parallel:closing loop
[3.011s] DEBUG:colcon.colcon_parallel_executor.executor.parallel:loop closed
[3.011s] DEBUG:colcon.colcon_parallel_executor.executor.parallel:run_until_complete finished with '0'
[3.011s] DEBUG:colcon.colcon_core.event_reactor:joining thread
[3.019s] INFO:colcon.colcon_core.plugin_system:Skipping extension 'colcon_notification.desktop_notification.notify_send': Could not find 'notify-send'
[3.019s] INFO:colcon.colcon_core.plugin_system:Skipping extension 'colcon_notification.desktop_notification.terminal_notifier': Not used on non-Darwin systems
[3.019s] INFO:colcon.colcon_core.plugin_system:Skipping extension 'colcon_notification.desktop_notification.win32': Not used on non-Windows systems
[3.019s] INFO:colcon.colcon_notification.desktop_notification:Sending desktop notification using 'notify2'
[3.024s] DEBUG:colcon.colcon_notification.desktop_notification.notify2:Failed to initialize notify2: org.freedesktop.DBus.Error.Spawn.ExecFailed: /usr/bin/dbus-launch terminated abnormally without any error message
[3.025s] DEBUG:colcon.colcon_core.event_reactor:joined thread
[3.026s] INFO:colcon.colcon_core.shell:Creating prefix script '/home/user/ros2_ws/src/armando_gazebo/install/local_setup.ps1'
[3.028s] INFO:colcon.colcon_core.shell:Creating prefix util module '/home/user/ros2_ws/src/armando_gazebo/install/_local_setup_util_ps1.py'
[3.030s] INFO:colcon.colcon_core.shell:Creating prefix chain script '/home/user/ros2_ws/src/armando_gazebo/install/setup.ps1'
[3.032s] INFO:colcon.colcon_core.shell:Creating prefix script '/home/user/ros2_ws/src/armando_gazebo/install/local_setup.sh'
[3.032s] INFO:colcon.colcon_core.shell:Creating prefix util module '/home/user/ros2_ws/src/armando_gazebo/install/_local_setup_util_sh.py'
[3.033s] INFO:colcon.colcon_core.shell:Creating prefix chain script '/home/user/ros2_ws/src/armando_gazebo/install/setup.sh'
[3.035s] INFO:colcon.colcon_core.shell:Creating prefix script '/home/user/ros2_ws/src/armando_gazebo/install/local_setup.bash'
[3.036s] INFO:colcon.colcon_core.shell:Creating prefix chain script '/home/user/ros2_ws/src/armando_gazebo/install/setup.bash'
[3.038s] INFO:colcon.colcon_core.shell:Creating prefix script '/home/user/ros2_ws/src/armando_gazebo/install/local_setup.zsh'
[3.039s] INFO:colcon.colcon_core.shell:Creating prefix chain script '/home/user/ros2_ws/src/armando_gazebo/install/setup.zsh'
