[0.081s] DEBUG:colcon:Command line arguments: ['/usr/bin/colcon', 'build']
[0.081s] DEBUG:colcon:Parsed command line arguments: Namespace(log_base=None, log_level=None, verb_name='build', build_base='build', install_base='install', merge_install=False, symlink_install=False, test_result_base=None, continue_on_error=False, executor='parallel', parallel_workers=8, event_handlers=None, ignore_user_meta=False, metas=['./colcon.meta'], base_paths=['.'], packages_ignore=None, packages_ignore_regex=None, paths=None, packages_up_to=None, packages_up_to_regex=None, packages_above=None, packages_above_and_dependencies=None, packages_above_depth=None, packages_select_by_dep=None, packages_skip_by_dep=None, packages_skip_up_to=None, packages_select_build_failed=False, packages_skip_build_finished=False, packages_select_test_failures=False, packages_skip_test_passed=False, packages_select=None, packages_skip=None, packages_select_regex=None, packages_skip_regex=None, packages_start=None, packages_end=None, cmake_args=None, cmake_target=None, cmake_target_skip_unavailable=False, cmake_clean_cache=False, cmake_clean_first=False, cmake_force_configure=False, ament_cmake_args=None, catkin_cmake_args=None, catkin_skip_building_tests=False, mixin_files=None, mixin=None, verb_parser=<colcon_mixin.mixin.mixin_argument.MixinArgumentDecorator object at 0x75ec595d40a0>, verb_extension=<colcon_core.verb.build.BuildVerb object at 0x75ec59759030>, main=<bound method BuildVerb.main of <colcon_core.verb.build.BuildVerb object at 0x75ec59759030>>, mixin_verb=('build',))
[0.187s] Level 1:colcon.colcon_core.package_discovery:discover_packages(colcon_meta) check parameters
[0.187s] Level 1:colcon.colcon_core.package_discovery:discover_packages(recursive) check parameters
[0.187s] Level 1:colcon.colcon_core.package_discovery:discover_packages(ignore) check parameters
[0.187s] Level 1:colcon.colcon_core.package_discovery:discover_packages(path) check parameters
[0.187s] Level 1:colcon.colcon_core.package_discovery:discover_packages(colcon_meta) discover
[0.187s] Level 1:colcon.colcon_core.package_discovery:discover_packages(recursive) discover
[0.187s] INFO:colcon.colcon_core.package_discovery:Crawling recursively for packages in '/home/user/ros2_ws/src/armando_controller'
[0.187s] Level 1:colcon.colcon_core.package_identification:_identify(.) by extensions ['ignore', 'ignore_ament_install']
[0.187s] Level 1:colcon.colcon_core.package_identification:_identify(.) by extension 'ignore'
[0.187s] Level 1:colcon.colcon_core.package_identification:_identify(.) by extension 'ignore_ament_install'
[0.187s] Level 1:colcon.colcon_core.package_identification:_identify(.) by extensions ['colcon_pkg']
[0.187s] Level 1:colcon.colcon_core.package_identification:_identify(.) by extension 'colcon_pkg'
[0.188s] Level 1:colcon.colcon_core.package_identification:_identify(.) by extensions ['colcon_meta']
[0.188s] Level 1:colcon.colcon_core.package_identification:_identify(.) by extension 'colcon_meta'
[0.188s] Level 1:colcon.colcon_core.package_identification:_identify(.) by extensions ['ros']
[0.188s] Level 1:colcon.colcon_core.package_identification:_identify(.) by extension 'ros'
[0.198s] DEBUG:colcon.colcon_core.package_identification:Package '.' with type 'ros.ament_cmake' and name 'armando_controller'
[0.198s] Level 1:colcon.colcon_core.package_discovery:discover_packages(recursive) using defaults
[0.198s] Level 1:colcon.colcon_core.package_discovery:discover_packages(ignore) discover
[0.198s] Level 1:colcon.colcon_core.package_discovery:discover_packages(ignore) using defaults
[0.198s] Level 1:colcon.colcon_core.package_discovery:discover_packages(path) discover
[0.198s] Level 1:colcon.colcon_core.package_discovery:discover_packages(path) using defaults
[0.214s] Level 5:colcon.colcon_core.verb:set package 'armando_controller' build argument 'cmake_args' from command line to 'None'
[0.214s] Level 5:colcon.colcon_core.verb:set package 'armando_controller' build argument 'cmake_target' from command line to 'None'
[0.214s] Level 5:colcon.colcon_core.verb:set package 'armando_controller' build argument 'cmake_target_skip_unavailable' from command line to 'False'
[0.214s] Level 5:colcon.colcon_core.verb:set package 'armando_controller' build argument 'cmake_clean_cache' from command line to 'False'
[0.214s] Level 5:colcon.colcon_core.verb:set package 'armando_controller' build argument 'cmake_clean_first' from command line to 'False'
[0.214s] Level 5:colcon.colcon_core.verb:set package 'armando_controller' build argument 'cmake_force_configure' from command line to 'False'
[0.214s] Level 5:colcon.colcon_core.verb:set package 'armando_controller' build argument 'ament_cmake_args' from command line to 'None'
[0.214s] Level 5:colcon.colcon_core.verb:set package 'armando_controller' build argument 'catkin_cmake_args' from command line to 'None'
[0.214s] Level 5:colcon.colcon_core.verb:set package 'armando_controller' build argument 'catkin_skip_building_tests' from command line to 'False'
[0.214s] DEBUG:colcon.colcon_core.verb:Building package 'armando_controller' with the following arguments: {'ament_cmake_args': None, 'build_base': '/home/user/ros2_ws/src/armando_controller/build/armando_controller', 'catkin_cmake_args': None, 'catkin_skip_building_tests': False, 'cmake_args': None, 'cmake_clean_cache': False, 'cmake_clean_first': False, 'cmake_force_configure': False, 'cmake_target': None, 'cmake_target_skip_unavailable': False, 'install_base': '/home/user/ros2_ws/src/armando_controller/install/armando_controller', 'merge_install': False, 'path': '/home/user/ros2_ws/src/armando_controller', 'symlink_install': False, 'test_result_base': None}
[0.215s] INFO:colcon.colcon_core.executor:Executing jobs using 'parallel' executor
[0.215s] DEBUG:colcon.colcon_parallel_executor.executor.parallel:run_until_complete
[0.215s] INFO:colcon.colcon_ros.task.ament_cmake.build:Building ROS package in '/home/user/ros2_ws/src/armando_controller' with build type 'ament_cmake'
[0.216s] INFO:colcon.colcon_cmake.task.cmake.build:Building CMake package in '/home/user/ros2_ws/src/armando_controller'
[0.218s] INFO:colcon.colcon_core.plugin_system:Skipping extension 'colcon_core.shell.bat': Not used on non-Windows systems
[0.218s] INFO:colcon.colcon_core.shell:Skip shell extension 'powershell' for command environment: Not usable outside of PowerShell
[0.218s] DEBUG:colcon.colcon_core.shell:Skip shell extension 'dsv' for command environment
[0.225s] DEBUG:colcon.colcon_core.event_handler.log_command:Invoking command in '/home/user/ros2_ws/src/armando_controller/build/armando_controller': CMAKE_PREFIX_PATH=${CMAKE_PREFIX_PATH}:/opt/ros/humble /usr/bin/cmake /home/user/ros2_ws/src/armando_controller -DCMAKE_INSTALL_PREFIX=/home/user/ros2_ws/src/armando_controller/install/armando_controller
[1.337s] DEBUG:colcon.colcon_core.event_handler.log_command:Invoked command in '/home/user/ros2_ws/src/armando_controller/build/armando_controller' returned '0': CMAKE_PREFIX_PATH=${CMAKE_PREFIX_PATH}:/opt/ros/humble /usr/bin/cmake /home/user/ros2_ws/src/armando_controller -DCMAKE_INSTALL_PREFIX=/home/user/ros2_ws/src/armando_controller/install/armando_controller
[1.338s] DEBUG:colcon.colcon_core.event_handler.log_command:Invoking command in '/home/user/ros2_ws/src/armando_controller/build/armando_controller': CMAKE_PREFIX_PATH=${CMAKE_PREFIX_PATH}:/opt/ros/humble /usr/bin/cmake --build /home/user/ros2_ws/src/armando_controller/build/armando_controller -- -j8 -l8
[8.035s] DEBUG:colcon.colcon_core.event_handler.log_command:Invoked command in '/home/user/ros2_ws/src/armando_controller/build/armando_controller' returned '0': CMAKE_PREFIX_PATH=${CMAKE_PREFIX_PATH}:/opt/ros/humble /usr/bin/cmake --build /home/user/ros2_ws/src/armando_controller/build/armando_controller -- -j8 -l8
[8.044s] DEBUG:colcon.colcon_core.event_handler.log_command:Invoking command in '/home/user/ros2_ws/src/armando_controller/build/armando_controller': CMAKE_PREFIX_PATH=${CMAKE_PREFIX_PATH}:/opt/ros/humble /usr/bin/cmake --install /home/user/ros2_ws/src/armando_controller/build/armando_controller
[8.058s] Level 1:colcon.colcon_core.environment:create_environment_scripts_only(armando_controller)
[8.058s] DEBUG:colcon.colcon_core.event_handler.log_command:Invoked command in '/home/user/ros2_ws/src/armando_controller/build/armando_controller' returned '0': CMAKE_PREFIX_PATH=${CMAKE_PREFIX_PATH}:/opt/ros/humble /usr/bin/cmake --install /home/user/ros2_ws/src/armando_controller/build/armando_controller
[8.060s] Level 1:colcon.colcon_core.environment:checking '/home/user/ros2_ws/src/armando_controller/install/armando_controller' for CMake module files
[8.060s] Level 1:colcon.colcon_core.environment:checking '/home/user/ros2_ws/src/armando_controller/install/armando_controller' for CMake config files
[8.060s] Level 1:colcon.colcon_core.shell:create_environment_hook('armando_controller', 'cmake_prefix_path')
[8.061s] INFO:colcon.colcon_core.shell:Creating environment hook '/home/user/ros2_ws/src/armando_controller/install/armando_controller/share/armando_controller/hook/cmake_prefix_path.ps1'
[8.061s] INFO:colcon.colcon_core.shell:Creating environment descriptor '/home/user/ros2_ws/src/armando_controller/install/armando_controller/share/armando_controller/hook/cmake_prefix_path.dsv'
[8.061s] INFO:colcon.colcon_core.shell:Creating environment hook '/home/user/ros2_ws/src/armando_controller/install/armando_controller/share/armando_controller/hook/cmake_prefix_path.sh'
[8.062s] Level 1:colcon.colcon_core.environment:checking '/home/user/ros2_ws/src/armando_controller/install/armando_controller/lib'
[8.062s] Level 1:colcon.colcon_core.environment:checking '/home/user/ros2_ws/src/armando_controller/install/armando_controller/bin'
[8.062s] Level 1:colcon.colcon_core.environment:checking '/home/user/ros2_ws/src/armando_controller/install/armando_controller/lib/pkgconfig/armando_controller.pc'
[8.064s] Level 1:colcon.colcon_core.environment:checking '/home/user/ros2_ws/src/armando_controller/install/armando_controller/lib/python3.10/site-packages'
[8.064s] Level 1:colcon.colcon_core.environment:checking '/home/user/ros2_ws/src/armando_controller/install/armando_controller/bin'
[8.064s] INFO:colcon.colcon_core.shell:Creating package script '/home/user/ros2_ws/src/armando_controller/install/armando_controller/share/armando_controller/package.ps1'
[8.065s] INFO:colcon.colcon_core.shell:Creating package descriptor '/home/user/ros2_ws/src/armando_controller/install/armando_controller/share/armando_controller/package.dsv'
[8.065s] INFO:colcon.colcon_core.shell:Creating package script '/home/user/ros2_ws/src/armando_controller/install/armando_controller/share/armando_controller/package.sh'
[8.066s] INFO:colcon.colcon_core.shell:Creating package script '/home/user/ros2_ws/src/armando_controller/install/armando_controller/share/armando_controller/package.bash'
[8.067s] INFO:colcon.colcon_core.shell:Creating package script '/home/user/ros2_ws/src/armando_controller/install/armando_controller/share/armando_controller/package.zsh'
[8.067s] Level 1:colcon.colcon_core.environment:create_file_with_runtime_dependencies(/home/user/ros2_ws/src/armando_controller/install/armando_controller/share/colcon-core/packages/armando_controller)
[8.068s] Level 1:colcon.colcon_core.environment:create_environment_scripts_only(armando_controller)
[8.068s] Level 1:colcon.colcon_core.environment:checking '/home/user/ros2_ws/src/armando_controller/install/armando_controller' for CMake module files
[8.068s] Level 1:colcon.colcon_core.environment:checking '/home/user/ros2_ws/src/armando_controller/install/armando_controller' for CMake config files
[8.068s] Level 1:colcon.colcon_core.shell:create_environment_hook('armando_controller', 'cmake_prefix_path')
[8.069s] INFO:colcon.colcon_core.shell:Creating environment hook '/home/user/ros2_ws/src/armando_controller/install/armando_controller/share/armando_controller/hook/cmake_prefix_path.ps1'
[8.069s] INFO:colcon.colcon_core.shell:Creating environment descriptor '/home/user/ros2_ws/src/armando_controller/install/armando_controller/share/armando_controller/hook/cmake_prefix_path.dsv'
[8.069s] INFO:colcon.colcon_core.shell:Creating environment hook '/home/user/ros2_ws/src/armando_controller/install/armando_controller/share/armando_controller/hook/cmake_prefix_path.sh'
[8.070s] Level 1:colcon.colcon_core.environment:checking '/home/user/ros2_ws/src/armando_controller/install/armando_controller/lib'
[8.070s] Level 1:colcon.colcon_core.environment:checking '/home/user/ros2_ws/src/armando_controller/install/armando_controller/bin'
[8.070s] Level 1:colcon.colcon_core.environment:checking '/home/user/ros2_ws/src/armando_controller/install/armando_controller/lib/pkgconfig/armando_controller.pc'
[8.070s] Level 1:colcon.colcon_core.environment:checking '/home/user/ros2_ws/src/armando_controller/install/armando_controller/lib/python3.10/site-packages'
[8.070s] Level 1:colcon.colcon_core.environment:checking '/home/user/ros2_ws/src/armando_controller/install/armando_controller/bin'
[8.070s] INFO:colcon.colcon_core.shell:Creating package script '/home/user/ros2_ws/src/armando_controller/install/armando_controller/share/armando_controller/package.ps1'
[8.071s] INFO:colcon.colcon_core.shell:Creating package descriptor '/home/user/ros2_ws/src/armando_controller/install/armando_controller/share/armando_controller/package.dsv'
[8.071s] INFO:colcon.colcon_core.shell:Creating package script '/home/user/ros2_ws/src/armando_controller/install/armando_controller/share/armando_controller/package.sh'
[8.071s] INFO:colcon.colcon_core.shell:Creating package script '/home/user/ros2_ws/src/armando_controller/install/armando_controller/share/armando_controller/package.bash'
[8.072s] INFO:colcon.colcon_core.shell:Creating package script '/home/user/ros2_ws/src/armando_controller/install/armando_controller/share/armando_controller/package.zsh'
[8.072s] Level 1:colcon.colcon_core.environment:create_file_with_runtime_dependencies(/home/user/ros2_ws/src/armando_controller/install/armando_controller/share/colcon-core/packages/armando_controller)
[8.072s] DEBUG:colcon.colcon_parallel_executor.executor.parallel:closing loop
[8.073s] DEBUG:colcon.colcon_parallel_executor.executor.parallel:loop closed
[8.073s] DEBUG:colcon.colcon_parallel_executor.executor.parallel:run_until_complete finished with '0'
[8.073s] DEBUG:colcon.colcon_core.event_reactor:joining thread
[8.077s] INFO:colcon.colcon_core.plugin_system:Skipping extension 'colcon_notification.desktop_notification.notify_send': Could not find 'notify-send'
[8.077s] INFO:colcon.colcon_core.plugin_system:Skipping extension 'colcon_notification.desktop_notification.terminal_notifier': Not used on non-Darwin systems
[8.077s] INFO:colcon.colcon_core.plugin_system:Skipping extension 'colcon_notification.desktop_notification.win32': Not used on non-Windows systems
[8.077s] INFO:colcon.colcon_notification.desktop_notification:Sending desktop notification using 'notify2'
[8.079s] DEBUG:colcon.colcon_notification.desktop_notification.notify2:Failed to initialize notify2: org.freedesktop.DBus.Error.Spawn.ExecFailed: /usr/bin/dbus-launch terminated abnormally without any error message
[8.079s] DEBUG:colcon.colcon_core.event_reactor:joined thread
[8.079s] INFO:colcon.colcon_core.shell:Creating prefix script '/home/user/ros2_ws/src/armando_controller/install/local_setup.ps1'
[8.080s] INFO:colcon.colcon_core.shell:Creating prefix util module '/home/user/ros2_ws/src/armando_controller/install/_local_setup_util_ps1.py'
[8.082s] INFO:colcon.colcon_core.shell:Creating prefix chain script '/home/user/ros2_ws/src/armando_controller/install/setup.ps1'
[8.083s] INFO:colcon.colcon_core.shell:Creating prefix script '/home/user/ros2_ws/src/armando_controller/install/local_setup.sh'
[8.084s] INFO:colcon.colcon_core.shell:Creating prefix util module '/home/user/ros2_ws/src/armando_controller/install/_local_setup_util_sh.py'
[8.084s] INFO:colcon.colcon_core.shell:Creating prefix chain script '/home/user/ros2_ws/src/armando_controller/install/setup.sh'
[8.085s] INFO:colcon.colcon_core.shell:Creating prefix script '/home/user/ros2_ws/src/armando_controller/install/local_setup.bash'
[8.086s] INFO:colcon.colcon_core.shell:Creating prefix chain script '/home/user/ros2_ws/src/armando_controller/install/setup.bash'
[8.087s] INFO:colcon.colcon_core.shell:Creating prefix script '/home/user/ros2_ws/src/armando_controller/install/local_setup.zsh'
[8.087s] INFO:colcon.colcon_core.shell:Creating prefix chain script '/home/user/ros2_ws/src/armando_controller/install/setup.zsh'
